* using log directory ‘/Users/martinp4/Documents/Cedars/Vesalius/vesalius/vesalius.Rcheck’
* using R version 4.4.3 (2025-02-28)
* using platform: aarch64-apple-darwin24.6.0
* R was compiled by
    clang version 19.1.7
    GNU Fortran (GCC) 14.3.0
* running under: macOS 26.2
* using session charset: UTF-8
* checking for file ‘vesalius/DESCRIPTION’ ... OK
* checking extension type ... Package
* this is package ‘vesalius’ version ‘2.0.0’
* package encoding: UTF-8
* checking package namespace information ... OK
* checking package dependencies ... ERROR
Packages suggested but not available: 'RUnit', 'NMF', 'sf'

The suggested packages are required for a complete check.
Checking can be attempted without them by setting the environment
variable _R_CHECK_FORCE_SUGGESTS_ to a false value.

See section ‘The DESCRIPTION file’ in the ‘Writing R Extensions’
manual.
* DONE
Status: 1 ERROR
