* installing *source* package ‘vesalius’ ...
** this is package ‘vesalius’ version ‘2.0.0’
** using staged installation
** libs
using C++ compiler: ‘Apple clang version 17.0.0 (clang-1700.0.13.5)’
using SDK: ‘MacOSX15.5.sdk’
clang++ -std=gnu++17 -I"/opt/homebrew/Cellar/r/4.5.1/lib/R/include" -DNDEBUG  -I'/Users/martinp4/Library/Caches/org.R-project.R/R/renv/library/vesalius-06e4e3ea/macos/R-4.5/aarch64-apple-darwin24.4.0/Rcpp/include' -I'/Users/martinp4/Library/Caches/org.R-project.R/R/renv/library/vesalius-06e4e3ea/macos/R-4.5/aarch64-apple-darwin24.4.0/RcppEigen/include' -I/opt/homebrew/opt/gettext/include -I/opt/homebrew/opt/readline/include -I/opt/homebrew/opt/xz/include -I/opt/homebrew/include    -fPIC  -g -O2   -c RcppExports.cpp -o RcppExports.o
clang++ -std=gnu++17 -I"/opt/homebrew/Cellar/r/4.5.1/lib/R/include" -DNDEBUG  -I'/Users/martinp4/Library/Caches/org.R-project.R/R/renv/library/vesalius-06e4e3ea/macos/R-4.5/aarch64-apple-darwin24.4.0/Rcpp/include' -I'/Users/martinp4/Library/Caches/org.R-project.R/R/renv/library/vesalius-06e4e3ea/macos/R-4.5/aarch64-apple-darwin24.4.0/RcppEigen/include' -I/opt/homebrew/opt/gettext/include -I/opt/homebrew/opt/readline/include -I/opt/homebrew/opt/xz/include -I/opt/homebrew/include    -fPIC  -g -O2   -c cost.cpp -o cost.o
clang++ -std=gnu++17 -dynamiclib -Wl,-headerpad_max_install_names -undefined dynamic_lookup -L/opt/homebrew/Cellar/r/4.5.1/lib/R/lib -L/opt/homebrew/opt/gettext/lib -L/opt/homebrew/opt/readline/lib -L/opt/homebrew/opt/xz/lib -L/opt/homebrew/lib -o vesalius.so RcppExports.o cost.o -L/opt/homebrew/Cellar/r/4.5.1/lib/R/lib -lR
installing to /Users/martinp4/Documents/Cedars/Vesalius/vesalius/vesalius.Rcheck/00LOCK-vesalius/00new/vesalius/libs
** R
** data
*** moving datasets to lazyload DB
** inst
** byte-compile and prepare package for lazy loading
Warning: replacing previous import ‘S4Arrays::makeNindexFromArrayViewport’ by ‘DelayedArray::makeNindexFromArrayViewport’ when loading ‘SummarizedExperiment’
Note: wrong number of arguments to 'sqrt' 
** help
*** installing help indices
*** copying figures
** building package indices
** installing vignettes
** testing if installed package can be loaded from temporary location
Warning: replacing previous import ‘S4Arrays::makeNindexFromArrayViewport’ by ‘DelayedArray::makeNindexFromArrayViewport’ when loading ‘SummarizedExperiment’
** checking absolute paths in shared objects and dynamic libraries
** testing if installed package can be loaded from final location
Warning: replacing previous import ‘S4Arrays::makeNindexFromArrayViewport’ by ‘DelayedArray::makeNindexFromArrayViewport’ when loading ‘SummarizedExperiment’
** testing if installed package keeps a record of temporary installation path
* DONE (vesalius)
